#
# There is insufficient memory for the Java Runtime Environment to continue.
# Native memory allocation (malloc) failed to allocate 67108880 bytes for Chunk::new
# Possible reasons:
#   The system is out of physical RAM or swap space
#   In 32 bit mode, the process size limit was hit
# Possible solutions:
#   Reduce memory load on the system
#   Increase physical memory or swap space
#   Check if swap backing store is full
#   Use 64 bit Java on a 64 bit OS
#   Decrease Java heap size (-Xmx/-Xms)
#   Decrease number of Java threads
#   Decrease Java thread stack sizes (-Xss)
#   Set larger code cache with -XX:ReservedCodeCacheSize=
# This output file may be truncated or incomplete.
#
#  Out of Memory Error (allocation.cpp:390), pid=5660, tid=9756
#
# JRE version: Java(TM) SE Runtime Environment (8.0_25-b18) (build 1.8.0_25-b18)
# Java VM: Java HotSpot(TM) 64-Bit Server VM (25.25-b02 mixed mode windows-amd64 compressed oops)
# Failed to write core dump. Minidumps are not enabled by default on client versions of Windows
#

---------------  T H R E A D  ---------------

Current thread (0x0000000056f13000):  JavaThread "C2 CompilerThread0" daemon [_thread_in_native, id=9756, stack(0x0000000057580000,0x0000000057680000)]

Stack: [0x0000000057580000,0x0000000057680000]
Native frames: (J=compiled Java code, j=interpreted, Vv=VM code, C=native code)
V  [jvm.dll+0x31667a]
V  [jvm.dll+0x267073]
V  [jvm.dll+0x267cb3]
V  [jvm.dll+0x25f5b5]
V  [jvm.dll+0xbf165]
V  [jvm.dll+0xbf60c]
V  [jvm.dll+0x40c68]
V  [jvm.dll+0x45f0b0]
V  [jvm.dll+0x45f36a]
V  [jvm.dll+0x46024f]
V  [jvm.dll+0x462311]
V  [jvm.dll+0x464745]
V  [jvm.dll+0x4650cc]
V  [jvm.dll+0x465413]
V  [jvm.dll+0x4522c3]
V  [jvm.dll+0x453864]
V  [jvm.dll+0x437372]
V  [jvm.dll+0x98a02]
V  [jvm.dll+0x991f3]
V  [jvm.dll+0x22bde4]
V  [jvm.dll+0x2852fa]
C  [msvcr100.dll+0x21d9f]
C  [msvcr100.dll+0x21e3b]
C  [kernel32.dll+0x159ed]
C  [ntdll.dll+0x2c541]


Current CompileTask:
C2:  23195 1761   !   4       com.android.dx.cf.code.Ropper::processBlock (1101 bytes)


---------------  P R O C E S S  ---------------

Java Threads: ( => current thread )
  0x0000000056f7c800 JavaThread "Service Thread" daemon [_thread_blocked, id=10052, stack(0x0000000057a00000,0x0000000057b00000)]
  0x0000000056f60800 JavaThread "C1 CompilerThread2" daemon [_thread_blocked, id=2688, stack(0x00000000578a0000,0x00000000579a0000)]
  0x0000000056f15800 JavaThread "C2 CompilerThread1" daemon [_thread_blocked, id=4624, stack(0x00000000576c0000,0x00000000577c0000)]
=>0x0000000056f13000 JavaThread "C2 CompilerThread0" daemon [_thread_in_native, id=9756, stack(0x0000000057580000,0x0000000057680000)]
  0x0000000056f12800 JavaThread "Attach Listener" daemon [_thread_blocked, id=9192, stack(0x0000000057470000,0x0000000057570000)]
  0x00000000552e3800 JavaThread "Signal Dispatcher" daemon [_thread_blocked, id=9348, stack(0x0000000056ce0000,0x0000000056de0000)]
  0x0000000055280000 JavaThread "Finalizer" daemon [_thread_blocked, id=7836, stack(0x0000000056e10000,0x0000000056f10000)]
  0x000000005527d000 JavaThread "Reference Handler" daemon [_thread_blocked, id=9012, stack(0x0000000056120000,0x0000000056220000)]

Other Threads:
  0x0000000055277800 VMThread [stack: 0x00000000124f0000,0x00000000125f0000] [id=8452]

VM state:at safepoint (normal execution)

VM Mutex/Monitor currently owned by a thread:  ([mutex/lock_event])
[0x0000000001d3cd80] Threads_lock - owner thread: 0x0000000055277800
[0x0000000001d3d280] Heap_lock - owner thread: 0x0000000001d3e800

Heap:
 PSYoungGen      total 102400K, used 56140K [0x00000000eab00000, 0x00000000f9100000, 0x0000000100000000)
  eden space 98304K, 52% used [0x00000000eab00000,0x00000000eddd7030,0x00000000f0b00000)
  from space 4096K, 99% used [0x00000000f0b00000,0x00000000f0efc180,0x00000000f0f00000)
  to   space 19456K, 0% used [0x00000000f7e00000,0x00000000f7e00000,0x00000000f9100000)
 ParOldGen       total 65536K, used 33641K [0x00000000c0000000, 0x00000000c4000000, 0x00000000eab00000)
  object space 65536K, 51% used [0x00000000c0000000,0x00000000c20da600,0x00000000c4000000)
 Metaspace       used 6716K, capacity 7672K, committed 7936K, reserved 1056768K
  class space    used 626K, capacity 688K, committed 768K, reserved 1048576K

Card table byte_map: [0x0000000011b90000,0x0000000011da0000] byte_map_base: 0x0000000011590000

Marking Bits: (ParMarkBitMap*) 0x0000000056b5d490
 Begin Bits: [0x00000000126f0000, 0x00000000136f0000)
 End Bits:   [0x00000000136f0000, 0x00000000146f0000)

Polling page: 0x0000000000130000

CodeCache: size=245760Kb used=9954Kb max_used=9955Kb free=235805Kb
 bounds [0x00000000027d0000, 0x0000000003190000, 0x00000000117d0000]
 total_blobs=2606 nmethods=2337 adapters=183
 compilation: enabled

Compilation events (10 events):
Event: 14.078 Thread 0x0000000056f60800 2432       3       java.util.zip.Deflater::ensureOpen (47 bytes)
Event: 14.078 Thread 0x0000000056f60800 nmethod 2432 0x000000000318dc50 code [0x000000000318ddc0, 0x000000000318e088]
Event: 14.086 Thread 0x0000000056f60800 2433       3       java.io.FileOutputStream::write (12 bytes)
Event: 14.087 Thread 0x0000000056f60800 nmethod 2433 0x000000000318d890 code [0x000000000318da00, 0x000000000318db88]
Event: 14.088 Thread 0x0000000056f60800 2435       3       java.util.zip.Deflater::needsInput (13 bytes)
Event: 14.088 Thread 0x0000000056f60800 nmethod 2435 0x000000000318d190 code [0x000000000318d2e0, 0x000000000318d490]
Event: 14.088 Thread 0x0000000056f60800 2436       3       java.util.zip.DeflaterOutputStream::deflate (36 bytes)
Event: 14.089 Thread 0x0000000056f60800 nmethod 2436 0x000000000318cb50 code [0x000000000318cce0, 0x000000000318d018]
Event: 14.101 Thread 0x0000000056f60800 2438   !   3       java.util.zip.Deflater::deflate (140 bytes)
Event: 14.101 Thread 0x0000000056f60800 nmethod 2438 0x000000000318ba10 code [0x000000000318bbe0, 0x000000000318c388]

GC Heap History (10 events):
Event: 2.088 GC heap before
{Heap before GC invocations=1 (full 0):
 PSYoungGen      total 28672K, used 24576K [0x00000000eab00000, 0x00000000ecb00000, 0x0000000100000000)
  eden space 24576K, 100% used [0x00000000eab00000,0x00000000ec300000,0x00000000ec300000)
  from space 4096K, 0% used [0x00000000ec700000,0x00000000ec700000,0x00000000ecb00000)
  to   space 4096K, 0% used [0x00000000ec300000,0x00000000ec300000,0x00000000ec700000)
 ParOldGen       total 65536K, used 0K [0x00000000c0000000, 0x00000000c4000000, 0x00000000eab00000)
  object space 65536K, 0% used [0x00000000c0000000,0x00000000c0000000,0x00000000c4000000)
 Metaspace       used 5396K, capacity 6768K, committed 7040K, reserved 1056768K
  class space    used 537K, capacity 616K, committed 640K, reserved 1048576K
Event: 2.952 GC heap after
Heap after GC invocations=1 (full 0):
 PSYoungGen      total 28672K, used 4073K [0x00000000eab00000, 0x00000000ee300000, 0x0000000100000000)
  eden space 24576K, 0% used [0x00000000eab00000,0x00000000eab00000,0x00000000ec300000)
  from space 4096K, 99% used [0x00000000ec300000,0x00000000ec6fa6b0,0x00000000ec700000)
  to   space 4096K, 0% used [0x00000000edf00000,0x00000000edf00000,0x00000000ee300000)
 ParOldGen       total 65536K, used 1817K [0x00000000c0000000, 0x00000000c4000000, 0x00000000eab00000)
  object space 65536K, 2% used [0x00000000c0000000,0x00000000c01c6520,0x00000000c4000000)
 Metaspace       used 5396K, capacity 6768K, committed 7040K, reserved 1056768K
  class space    used 537K, capacity 616K, committed 640K, reserved 1048576K
}
Event: 3.846 GC heap before
{Heap before GC invocations=2 (full 0):
 PSYoungGen      total 28672K, used 28649K [0x00000000eab00000, 0x00000000ee300000, 0x0000000100000000)
  eden space 24576K, 100% used [0x00000000eab00000,0x00000000ec300000,0x00000000ec300000)
  from space 4096K, 99% used [0x00000000ec300000,0x00000000ec6fa6b0,0x00000000ec700000)
  to   space 4096K, 0% used [0x00000000edf00000,0x00000000edf00000,0x00000000ee300000)
 ParOldGen       total 65536K, used 1817K [0x00000000c0000000, 0x00000000c4000000, 0x00000000eab00000)
  object space 65536K, 2% used [0x00000000c0000000,0x00000000c01c6520,0x00000000c4000000)
 Metaspace       used 5575K, capacity 6960K, committed 7040K, reserved 1056768K
  class space    used 540K, capacity 616K, committed 640K, reserved 1048576K
Event: 4.117 GC heap after
Heap after GC invocations=2 (full 0):
 PSYoungGen      total 53248K, used 4091K [0x00000000eab00000, 0x00000000ee300000, 0x0000000100000000)
  eden space 49152K, 0% used [0x00000000eab00000,0x00000000eab00000,0x00000000edb00000)
  from space 4096K, 99% used [0x00000000edf00000,0x00000000ee2fef58,0x00000000ee300000)
  to   space 4096K, 0% used [0x00000000edb00000,0x00000000edb00000,0x00000000edf00000)
 ParOldGen       total 65536K, used 4347K [0x00000000c0000000, 0x00000000c4000000, 0x00000000eab00000)
  object space 65536K, 6% used [0x00000000c0000000,0x00000000c043ed60,0x00000000c4000000)
 Metaspace       used 5575K, capacity 6960K, committed 7040K, reserved 1056768K
  class space    used 540K, capacity 616K, committed 640K, reserved 1048576K
}
Event: 6.026 GC heap before
{Heap before GC invocations=3 (full 0):
 PSYoungGen      total 53248K, used 53243K [0x00000000eab00000, 0x00000000ee300000, 0x0000000100000000)
  eden space 49152K, 100% used [0x00000000eab00000,0x00000000edb00000,0x00000000edb00000)
  from space 4096K, 99% used [0x00000000edf00000,0x00000000ee2fef58,0x00000000ee300000)
  to   space 4096K, 0% used [0x00000000edb00000,0x00000000edb00000,0x00000000edf00000)
 ParOldGen       total 65536K, used 4347K [0x00000000c0000000, 0x00000000c4000000, 0x00000000eab00000)
  object space 65536K, 6% used [0x00000000c0000000,0x00000000c043ed60,0x00000000c4000000)
 Metaspace       used 5719K, capacity 7088K, committed 7296K, reserved 1056768K
  class space    used 546K, capacity 616K, committed 640K, reserved 1048576K
Event: 7.653 GC heap after
Heap after GC invocations=3 (full 0):
 PSYoungGen      total 53248K, used 4066K [0x00000000eab00000, 0x00000000f1300000, 0x0000000100000000)
  eden space 49152K, 0% used [0x00000000eab00000,0x00000000eab00000,0x00000000edb00000)
  from space 4096K, 99% used [0x00000000edb00000,0x00000000edef8a28,0x00000000edf00000)
  to   space 4096K, 0% used [0x00000000f0f00000,0x00000000f0f00000,0x00000000f1300000)
 ParOldGen       total 65536K, used 11353K [0x00000000c0000000, 0x00000000c4000000, 0x00000000eab00000)
  object space 65536K, 17% used [0x00000000c0000000,0x00000000c0b166d8,0x00000000c4000000)
 Metaspace       used 5719K, capacity 7088K, committed 7296K, reserved 1056768K
  class space    used 546K, capacity 616K, committed 640K, reserved 1048576K
}
Event: 8.760 GC heap before
{Heap before GC invocations=4 (full 0):
 PSYoungGen      total 53248K, used 53218K [0x00000000eab00000, 0x00000000f1300000, 0x0000000100000000)
  eden space 49152K, 100% used [0x00000000eab00000,0x00000000edb00000,0x00000000edb00000)
  from space 4096K, 99% used [0x00000000edb00000,0x00000000edef8a28,0x00000000edf00000)
  to   space 4096K, 0% used [0x00000000f0f00000,0x00000000f0f00000,0x00000000f1300000)
 ParOldGen       total 65536K, used 11353K [0x00000000c0000000, 0x00000000c4000000, 0x00000000eab00000)
  object space 65536K, 17% used [0x00000000c0000000,0x00000000c0b166d8,0x00000000c4000000)
 Metaspace       used 5848K, capacity 7088K, committed 7296K, reserved 1056768K
  class space    used 565K, capacity 616K, committed 640K, reserved 1048576K
Event: 8.991 GC heap after
Heap after GC invocations=4 (full 0):
 PSYoungGen      total 102400K, used 4064K [0x00000000eab00000, 0x00000000f1300000, 0x0000000100000000)
  eden space 98304K, 0% used [0x00000000eab00000,0x00000000eab00000,0x00000000f0b00000)
  from space 4096K, 99% used [0x00000000f0f00000,0x00000000f12f8388,0x00000000f1300000)
  to   space 4096K, 0% used [0x00000000f0b00000,0x00000000f0b00000,0x00000000f0f00000)
 ParOldGen       total 65536K, used 18962K [0x00000000c0000000, 0x00000000c4000000, 0x00000000eab00000)
  object space 65536K, 28% used [0x00000000c0000000,0x00000000c1284998,0x00000000c4000000)
 Metaspace       used 5848K, capacity 7088K, committed 7296K, reserved 1056768K
  class space    used 565K, capacity 616K, committed 640K, reserved 1048576K
}
Event: 10.026 GC heap before
{Heap before GC invocations=5 (full 0):
 PSYoungGen      total 102400K, used 102368K [0x00000000eab00000, 0x00000000f1300000, 0x0000000100000000)
  eden space 98304K, 100% used [0x00000000eab00000,0x00000000f0b00000,0x00000000f0b00000)
  from space 4096K, 99% used [0x00000000f0f00000,0x00000000f12f8388,0x00000000f1300000)
  to   space 4096K, 0% used [0x00000000f0b00000,0x00000000f0b00000,0x00000000f0f00000)
 ParOldGen       total 65536K, used 18962K [0x00000000c0000000, 0x00000000c4000000, 0x00000000eab00000)
  object space 65536K, 28% used [0x00000000c0000000,0x00000000c1284998,0x00000000c4000000)
 Metaspace       used 5882K, capacity 7152K, committed 7296K, reserved 1056768K
  class space    used 565K, capacity 616K, committed 640K, reserved 1048576K
Event: 10.872 GC heap after
Heap after GC invocations=5 (full 0):
 PSYoungGen      total 102400K, used 4080K [0x00000000eab00000, 0x00000000f9100000, 0x0000000100000000)
  eden space 98304K, 0% used [0x00000000eab00000,0x00000000eab00000,0x00000000f0b00000)
  from space 4096K, 99% used [0x00000000f0b00000,0x00000000f0efc180,0x00000000f0f00000)
  to   space 19456K, 0% used [0x00000000f7e00000,0x00000000f7e00000,0x00000000f9100000)
 ParOldGen       total 65536K, used 33641K [0x00000000c0000000, 0x00000000c4000000, 0x00000000eab00000)
  object space 65536K, 51% used [0x00000000c0000000,0x00000000c20da600,0x00000000c4000000)
 Metaspace       used 5882K, capacity 7152K, committed 7296K, reserved 1056768K
  class space    used 565K, capacity 616K, committed 640K, reserved 1048576K
}

Deoptimization events (10 events):
Event: 12.032 Thread 0x0000000001d3e800 Uncommon trap: reason=class_check action=maybe_recompile pc=0x0000000002c68608 method=java.util.Arrays.hashCode([Ljava/lang/Object;)I @ 43
Event: 12.312 Thread 0x0000000001d3e800 Uncommon trap: reason=speculate_class_check action=maybe_recompile pc=0x0000000002c1fc68 method=com.android.dx.util.FixedSizeList.equals(Ljava/lang/Object;)Z @ 25
Event: 12.339 Thread 0x0000000001d3e800 Uncommon trap: reason=speculate_class_check action=maybe_recompile pc=0x0000000002c1fc68 method=com.android.dx.util.FixedSizeList.equals(Ljava/lang/Object;)Z @ 25
Event: 12.339 Thread 0x0000000001d3e800 Uncommon trap: reason=class_check action=maybe_recompile pc=0x0000000002bfb630 method=java.util.Arrays.equals([Ljava/lang/Object;[Ljava/lang/Object;)Z @ 62
Event: 12.340 Thread 0x0000000001d3e800 Uncommon trap: reason=speculate_class_check action=maybe_recompile pc=0x0000000002c1fc68 method=com.android.dx.util.FixedSizeList.equals(Ljava/lang/Object;)Z @ 25
Event: 12.340 Thread 0x0000000001d3e800 Uncommon trap: reason=class_check action=maybe_recompile pc=0x0000000002bfb630 method=java.util.Arrays.equals([Ljava/lang/Object;[Ljava/lang/Object;)Z @ 62
Event: 12.340 Thread 0x0000000001d3e800 Uncommon trap: reason=speculate_class_check action=maybe_recompile pc=0x0000000002c1fc68 method=com.android.dx.util.FixedSizeList.equals(Ljava/lang/Object;)Z @ 25
Event: 12.340 Thread 0x0000000001d3e800 Uncommon trap: reason=class_check action=maybe_recompile pc=0x0000000002bfb630 method=java.util.Arrays.equals([Ljava/lang/Object;[Ljava/lang/Object;)Z @ 62
Event: 12.340 Thread 0x0000000001d3e800 Uncommon trap: reason=class_check action=maybe_recompile pc=0x0000000002bfb630 method=java.util.Arrays.equals([Ljava/lang/Object;[Ljava/lang/Object;)Z @ 62
Event: 13.762 Thread 0x0000000001d3e800 Uncommon trap: reason=unreached action=reinterpret pc=0x0000000002b2c80c method=java.util.Arrays.copyOf([Ljava/lang/Object;ILjava/lang/Class;)[Ljava/lang/Object; @ 3

Internal exceptions (8 events):
Event: 0.065 Thread 0x0000000001d3e800 Exception <a 'java/lang/NoSuchMethodError': Method sun.misc.Unsafe.defineClass(Ljava/lang/String;[BII)Ljava/lang/Class; name or signature does not match> (0x00000000eab0ce68) thrown at [D:\re\workspace\8-2-build-windows-amd64-cygwin\jdk8u25\1677\hotspot\srÞhâ¿°?
Event: 0.065 Thread 0x0000000001d3e800 Exception <a 'java/lang/NoSuchMethodError': Method sun.misc.Unsafe.prefetchRead(Ljava/lang/Object;J)V name or signature does not match> (0x00000000eab0d0f8) thrown at [D:\re\workspace\8-2-build-windows-amd64-cygwin\jdk8u25\1677\hotspot\src\share\vm\prims\jâu¯rû?
Event: 1.695 Thread 0x0000000001d3e800 Implicit null exception at 0x0000000002b29dd2 to 0x0000000002b29ed1
Event: 3.682 Thread 0x0000000001d3e800 Implicit null exception at 0x0000000002baf107 to 0x0000000002bb04a9
Event: 3.682 Thread 0x0000000001d3e800 Implicit null exception at 0x0000000002bcfba2 to 0x0000000002bd1005
Event: 7.862 Thread 0x0000000001d3e800 Exception <a 'java/lang/ArrayIndexOutOfBoundsException': 18> (0x00000000eb41fed8) thrown at [D:\re\workspace\8-2-build-windows-amd64-cygwin\jdk8u25\1677\hotspot\src\share\vm\interpreter\interpreterRuntime.cpp, line 366]
Event: 7.862 Thread 0x0000000001d3e800 Exception <a 'java/lang/ArrayIndexOutOfBoundsException'> (0x00000000eb421970) thrown at [D:\re\workspace\8-2-build-windows-amd64-cygwin\jdk8u25\1677\hotspot\src\share\vm\runtime\sharedRuntime.cpp, line 604]
Event: 7.865 Thread 0x0000000001d3e800 Exception <a 'java/lang/ArrayIndexOutOfBoundsException'> (0x00000000eb422b88) thrown at [D:\re\workspace\8-2-build-windows-amd64-cygwin\jdk8u25\1677\hotspot\src\share\vm\runtime\sharedRuntime.cpp, line 604]

Events (10 events):
Event: 14.106 loading class java/util/Vector$Itr done
Event: 14.111 loading class java/io/FileOutputStream$1
Event: 14.111 loading class java/io/FileOutputStream$1 done
Event: 14.111 Thread 0x0000000001d3e800 Thread exited: 0x0000000001d3e800
Event: 14.111 Thread 0x0000000001d3e800 Thread added: 0x0000000001d3e800
Event: 14.111 loading class java/lang/Shutdown
Event: 14.112 loading class java/lang/Shutdown done
Event: 14.112 loading class java/lang/Shutdown$Lock
Event: 14.112 loading class java/lang/Shutdown$Lock done
Event: 14.112 Thread 0x0000000001d3e800 Thread exited: 0x0000000001d3e800


Dynamic libraries:
0x000000013f6d0000 - 0x000000013f704000 	C:\PROGRA~1\Java\JDK18~1.0_2\bin\java.exe
0x0000000077520000 - 0x00000000776c9000 	C:\windows\SYSTEM32\ntdll.dll
0x0000000077400000 - 0x000000007751f000 	C:\windows\system32\kernel32.dll
0x000007fefd330000 - 0x000007fefd39c000 	C:\windows\system32\KERNELBASE.dll
0x000007fefe970000 - 0x000007fefea4b000 	C:\windows\system32\ADVAPI32.dll
0x000007fefe8b0000 - 0x000007fefe94f000 	C:\windows\system32\msvcrt.dll
0x000007fefe950000 - 0x000007fefe96f000 	C:\windows\SYSTEM32\sechost.dll
0x000007fefe020000 - 0x000007fefe14d000 	C:\windows\system32\RPCRT4.dll
0x0000000077300000 - 0x00000000773fa000 	C:\windows\system32\USER32.dll
0x000007fefdde0000 - 0x000007fefde47000 	C:\windows\system32\GDI32.dll
0x000007fefdb60000 - 0x000007fefdb6e000 	C:\windows\system32\LPK.dll
0x000007fefd9f0000 - 0x000007fefdab9000 	C:\windows\system32\USP10.dll
0x000007fefb8a0000 - 0x000007fefba94000 	C:\windows\WinSxS\amd64_microsoft.windows.common-controls_6595b64144ccf1df_6.0.7601.17514_none_fa396087175ac9ac\COMCTL32.dll
0x000007fefdf20000 - 0x000007fefdf91000 	C:\windows\system32\SHLWAPI.dll
0x000007fefde50000 - 0x000007fefde7e000 	C:\windows\system32\IMM32.DLL
0x000007fefd8e0000 - 0x000007fefd9e9000 	C:\windows\system32\MSCTF.dll
0x0000000056be0000 - 0x0000000056cb2000 	C:\PROGRA~1\Java\JDK18~1.0_2\jre\bin\msvcr100.dll
0x0000000056380000 - 0x0000000056bda000 	C:\PROGRA~1\Java\JDK18~1.0_2\jre\bin\server\jvm.dll
0x000007fef8650000 - 0x000007fef8659000 	C:\windows\system32\WSOCK32.dll
0x000007fefea50000 - 0x000007fefea9d000 	C:\windows\system32\WS2_32.dll
0x000007fefe5d0000 - 0x000007fefe5d8000 	C:\windows\system32\NSI.dll
0x000007fefb190000 - 0x000007fefb1cb000 	C:\windows\system32\WINMM.dll
0x00000000776e0000 - 0x00000000776e7000 	C:\windows\system32\PSAPI.DLL
0x000000006bb10000 - 0x000000006bb1f000 	C:\PROGRA~1\Java\JDK18~1.0_2\jre\bin\verify.dll
0x000000006bae0000 - 0x000000006bb08000 	C:\PROGRA~1\Java\JDK18~1.0_2\jre\bin\java.dll
0x000000006b610000 - 0x000000006b626000 	C:\PROGRA~1\Java\JDK18~1.0_2\jre\bin\zip.dll
0x000007fefeaa0000 - 0x000007feff828000 	C:\windows\system32\SHELL32.dll
0x000007fefe3a0000 - 0x000007fefe5a3000 	C:\windows\system32\ole32.dll
0x000007fefd2f0000 - 0x000007fefd2ff000 	C:\windows\system32\profapi.dll
0x000007fef8290000 - 0x000007fef83b5000 	C:\windows\system32\dbghelp.dll

VM Arguments:
jvm_args: -Xmx1024M -Xss1m -Djava.ext.dirs=C:\Users\TOSHIBA\AppData\Local\Android\android-sdk\build-tools\21.1.1\lib 
java_command: C:\Users\TOSHIBA\AppData\Local\Android\android-sdk\build-tools\21.1.1\lib\dx.jar --dex --output C:\Users\TOSHIBA\Documents\GitHub\mwork-android\app\build\intermediates\pre-dexed\debug\classes-67c7828aabb3a18f3ef425885fe1d238f59348ba.jar C:\Users\TOSHIBA\Documents\GitHub\mwork-android\app\build\intermediates\exploded-aar\com.android.support\appcompat-v7\21.0.0\classes.jar
java_class_path (initial): C:\Users\TOSHIBA\AppData\Local\Android\android-sdk\build-tools\21.1.1\lib\dx.jar
Launcher Type: SUN_STANDARD

Environment Variables:
JAVA_HOME=C:\Program Files\Java\jdk1.8.0_25
PATH=C:\ProgramData\Oracle\Java\javapath;C:\Program Files\Common Files\Microsoft Shared\Windows Live;C:\Program Files (x86)\Common Files\Microsoft Shared\Windows Live;C:\Program Files (x86)\Intel\iCLS Client\;C:\Program Files\Intel\iCLS Client\;C:\windows\system32;C:\windows;C:\windows\System32\Wbem;C:\windows\System32\WindowsPowerShell\v1.0\;C:\Program Files\Intel\Intel(R) Management Engine Components\DAL;C:\Program Files\Intel\Intel(R) Management Engine Components\IPT;C:\Program Files (x86)\Intel\Intel(R) Management Engine Components\DAL;C:\Program Files (x86)\Intel\Intel(R) Management Engine Components\IPT;C:\Program Files (x86)\Intel\OpenCL SDK\2.0\bin\x86;C:\Program Files (x86)\Intel\OpenCL SDK\2.0\bin\x64;C:\Program Files\Intel\WiFi\bin\;C:\Program Files\Common Files\Intel\WirelessCommon\;C:\Program Files (x86)\Toshiba\Bluetooth Toshiba Stack\sys\;C:\Program Files (x86)\Toshiba\Bluetooth Toshiba Stack\sys\x64\;C:\Program Files (x86)\Windows Live\Shared;C:\Program Files\MATLAB\R2011a\runtime\win64;C:\Program Files\MATLAB\R2011a\bin;C:\Program Files (x86)\Git\cmd;C:\Program Files\Calibre2\;C:\Program Files (x86)\MIT\Kerberos\bin;C:\Program Files\OpenAFS\Common;C:\Program Files\OpenAFS\Client\Program;C:\Program Files (x86)\OpenAFS\Common;C:\Program Files (x86)\OpenAFS\Client\Program;C:\Program Files (x86)\nodejs\;C:\RailsInstaller\Git\cmd;C:\RailsInstaller\Ruby2.0.0\bin;C:\Users\TOSHIBA\Anaconda;C:\Users\TOSHIBA\Anaconda\Scripts;C:\Users\TOSHIBA\AppData\Roaming\npm
USERNAME=TOSHIBA
OS=Windows_NT
PROCESSOR_IDENTIFIER=Intel64 Family 6 Model 58 Stepping 9, GenuineIntel



---------------  S Y S T E M  ---------------

OS: Windows 7 , 64 bit Build 7601 Service Pack 1

CPU:total 4 (2 cores per cpu, 2 threads per core) family 6 model 58 stepping 9, cmov, cx8, fxsr, mmx, sse, sse2, sse3, ssse3, sse4.1, sse4.2, popcnt, avx, aes, clmul, erms, ht, tsc, tscinvbit, tscinv

Memory: 4k page, physical 6183084k(495040k free), swap 8120340k(24568k free)

vm_info: Java HotSpot(TM) 64-Bit Server VM (25.25-b02) for windows-amd64 JRE (1.8.0_25-b18), built on Oct  7 2014 14:25:37 by "java_re" with MS VC++ 10.0 (VS2010)

time: Mon Nov 24 23:21:17 2014
elapsed time: 23 seconds (0d 0h 0m 23s)

